<?xml version="1.0" encoding="UTF-8"?>
<testng-results ignored="0" total="1" passed="0" failed="1" skipped="0">
  <reporter-output>
    <line>
      <![CDATA[This is the sample screenshot]]>
    </line>
    <line>
      <![CDATA[<a href='C:\Users\Qadir\eclipse-workspace\Selenium Udemy\AppiumFramework\Screenshots\Android_10_Galaxy S9\2021.05.27.19.17.59\ProductTest\\test1.png'> <img src='C:\Users\Qadir\eclipse-workspace\Selenium Udemy\AppiumFramework\Screenshots\Android_10_Galaxy S9\2021.05.27.19.17.59\ProductTest\\test1.png' height='400' width='400'/> </a>]]>
    </line>
  </reporter-output>
  <suite started-at="2021-05-27T19:17:59 EDT" name="Suite" finished-at="2021-05-27T19:18:56 EDT" duration-ms="57045">
    <groups>
    </groups>
    <test started-at="2021-05-27T19:17:59 EDT" name="AndroidRealDevice" finished-at="2021-05-27T19:18:56 EDT" duration-ms="57045">
      <class name="com.qa.test.ProductTest">
        <test-method is-config="true" signature="beforeSuite()[pri:0, instance:com.qa.test.ProductTest@15043a2f]" started-at="2021-05-27T19:17:50 EDT" name="beforeSuite" finished-at="2021-05-27T19:17:59 EDT" duration-ms="8756" status="PASS">
          <reporter-output>
          </reporter-output>
        </test-method> <!-- beforeSuite -->
        <test-method is-config="true" signature="beforeTest(java.lang.String,java.lang.String,java.lang.String,java.lang.String,java.lang.String,java.lang.String,java.lang.String)[pri:0, instance:com.qa.test.ProductTest@15043a2f]" started-at="2021-05-27T19:17:59 EDT" name="beforeTest" finished-at="2021-05-27T19:18:26 EDT" duration-ms="27148" status="PASS">
          <params>
            <param index="0">
              <value>
                <![CDATA[50584a424e443498]]>
              </value>
            </param>
            <param index="1">
              <value>
                <![CDATA[]]>
              </value>
            </param>
            <param index="2">
              <value>
                <![CDATA[Android]]>
              </value>
            </param>
            <param index="3">
              <value>
                <![CDATA[10]]>
              </value>
            </param>
            <param index="4">
              <value>
                <![CDATA[Galaxy S9]]>
              </value>
            </param>
            <param index="5">
              <value>
                <![CDATA[10000]]>
              </value>
            </param>
            <param index="6">
              <value>
                <![CDATA[110000]]>
              </value>
            </param>
          </params>
          <reporter-output>
          </reporter-output>
        </test-method> <!-- beforeTest -->
        <test-method is-config="true" signature="beforeClass()[pri:0, instance:com.qa.test.ProductTest@15043a2f]" started-at="2021-05-27T19:18:26 EDT" name="beforeClass" finished-at="2021-05-27T19:18:30 EDT" duration-ms="4132" status="PASS">
          <reporter-output>
          </reporter-output>
        </test-method> <!-- beforeClass -->
        <test-method is-config="true" signature="beforeMethod()[pri:0, instance:com.qa.test.ProductTest@15043a2f]" started-at="2021-05-27T19:18:30 EDT" name="beforeMethod" finished-at="2021-05-27T19:18:31 EDT" duration-ms="712" status="PASS">
          <reporter-output>
          </reporter-output>
        </test-method> <!-- beforeMethod -->
        <test-method is-config="true" signature="beforeMethod(java.lang.reflect.Method)[pri:0, instance:com.qa.test.ProductTest@15043a2f]" started-at="2021-05-27T19:18:31 EDT" name="beforeMethod" finished-at="2021-05-27T19:18:31 EDT" duration-ms="477" status="PASS">
          <params>
            <param index="0">
              <value>
                <![CDATA[public void com.qa.test.ProductTest.test1() throws java.lang.InterruptedException]]>
              </value>
            </param>
          </params>
          <reporter-output>
          </reporter-output>
        </test-method> <!-- beforeMethod -->
        <test-method signature="test1()[pri:0, instance:com.qa.test.ProductTest@15043a2f]" started-at="2021-05-27T19:18:31 EDT" name="test1" finished-at="2021-05-27T19:18:46 EDT" duration-ms="15037" status="FAIL">
          <exception class="org.openqa.selenium.NoSuchElementException">
            <message>
              <![CDATA[An element could not be located on the page using the given search parameters.
For documentation on this error, please visit: https://www.seleniumhq.org/exceptions/no_such_element.html
Build info: version: '3.141.59', revision: 'e82be7d358', time: '2018-11-14T08:17:03'
System info: host: 'LAPTOP-RNF7R3U9', ip: '192.168.2.15', os.name: 'Windows 10', os.arch: 'amd64', os.version: '10.0', java.version: '10.0.2'
Driver info: io.appium.java_client.android.AndroidDriver
Capabilities {app: C:\Users\Qadir\eclipse-work..., appActivity: com.swaglabsmobileapp.MainA..., appPackage: com.swaglabsmobileapp, autoAcceptAlerts: true, autoGrantPermissions: true, chromeDriverPort: 110000, databaseEnabled: false, desired: {app: C:\Users\Qadir\eclipse-work..., appActivity: com.swaglabsmobileapp.MainA..., appPackage: com.swaglabsmobileapp, autoAcceptAlerts: true, autoGrantPermissions: true, chromeDriverPort: 110000, deviceName: Galaxy S9, platformName: android, systemPort: 10000, udid: 50584a424e443498, unlockKey: 74159, unlockType: pin}, deviceApiLevel: 29, deviceManufacturer: samsung, deviceModel: SM-G960W, deviceName: 50584a424e443498, deviceScreenDensity: 480, deviceScreenSize: 1080x2220, deviceUDID: 50584a424e443498, javascriptEnabled: true, locationContextEnabled: false, networkConnectionEnabled: true, pixelRatio: 3, platform: LINUX, platformName: Android, platformVersion: 10, statBarHeight: 72, systemPort: 10000, takesScreenshot: true, udid: 50584a424e443498, unlockKey: 74159, unlockType: pin, viewportRect: {height: 2103, left: 0, top: 72, width: 1080}, warnings: {}, webStorageEnabled: false}
Session ID: 23b4064f-511e-4128-bce4-c27ff6fbd55f
*** Element info: {Using=accessibility id, value=olp}]]>
            </message>
            <full-stacktrace>
              <![CDATA[org.openqa.selenium.NoSuchElementException: An element could not be located on the page using the given search parameters.
For documentation on this error, please visit: https://www.seleniumhq.org/exceptions/no_such_element.html
Build info: version: '3.141.59', revision: 'e82be7d358', time: '2018-11-14T08:17:03'
System info: host: 'LAPTOP-RNF7R3U9', ip: '192.168.2.15', os.name: 'Windows 10', os.arch: 'amd64', os.version: '10.0', java.version: '10.0.2'
Driver info: io.appium.java_client.android.AndroidDriver
Capabilities {app: C:\Users\Qadir\eclipse-work..., appActivity: com.swaglabsmobileapp.MainA..., appPackage: com.swaglabsmobileapp, autoAcceptAlerts: true, autoGrantPermissions: true, chromeDriverPort: 110000, databaseEnabled: false, desired: {app: C:\Users\Qadir\eclipse-work..., appActivity: com.swaglabsmobileapp.MainA..., appPackage: com.swaglabsmobileapp, autoAcceptAlerts: true, autoGrantPermissions: true, chromeDriverPort: 110000, deviceName: Galaxy S9, platformName: android, systemPort: 10000, udid: 50584a424e443498, unlockKey: 74159, unlockType: pin}, deviceApiLevel: 29, deviceManufacturer: samsung, deviceModel: SM-G960W, deviceName: 50584a424e443498, deviceScreenDensity: 480, deviceScreenSize: 1080x2220, deviceUDID: 50584a424e443498, javascriptEnabled: true, locationContextEnabled: false, networkConnectionEnabled: true, pixelRatio: 3, platform: LINUX, platformName: Android, platformVersion: 10, statBarHeight: 72, systemPort: 10000, takesScreenshot: true, udid: 50584a424e443498, unlockKey: 74159, unlockType: pin, viewportRect: {height: 2103, left: 0, top: 72, width: 1080}, warnings: {}, webStorageEnabled: false}
Session ID: 23b4064f-511e-4128-bce4-c27ff6fbd55f
*** Element info: {Using=accessibility id, value=olp}
at java.base/jdk.internal.reflect.NativeConstructorAccessorImpl.newInstance0(Native Method)
at java.base/jdk.internal.reflect.NativeConstructorAccessorImpl.newInstance(NativeConstructorAccessorImpl.java:62)
at java.base/jdk.internal.reflect.DelegatingConstructorAccessorImpl.newInstance(DelegatingConstructorAccessorImpl.java:45)
at java.base/java.lang.reflect.Constructor.newInstance(Constructor.java:488)
at org.openqa.selenium.remote.http.W3CHttpResponseCodec.createException(W3CHttpResponseCodec.java:187)
at org.openqa.selenium.remote.http.W3CHttpResponseCodec.decode(W3CHttpResponseCodec.java:122)
at org.openqa.selenium.remote.http.W3CHttpResponseCodec.decode(W3CHttpResponseCodec.java:49)
at org.openqa.selenium.remote.HttpCommandExecutor.execute(HttpCommandExecutor.java:158)
at io.appium.java_client.remote.AppiumCommandExecutor.execute(AppiumCommandExecutor.java:247)
at org.openqa.selenium.remote.RemoteWebDriver.execute(RemoteWebDriver.java:552)
at io.appium.java_client.DefaultGenericMobileDriver.execute(DefaultGenericMobileDriver.java:41)
at io.appium.java_client.AppiumDriver.execute(AppiumDriver.java:1)
at io.appium.java_client.android.AndroidDriver.execute(AndroidDriver.java:1)
at org.openqa.selenium.remote.RemoteWebDriver.findElement(RemoteWebDriver.java:323)
at io.appium.java_client.DefaultGenericMobileDriver.findElement(DefaultGenericMobileDriver.java:61)
at io.appium.java_client.AppiumDriver.findElement(AppiumDriver.java:1)
at io.appium.java_client.android.AndroidDriver.findElement(AndroidDriver.java:1)
at io.appium.java_client.FindsByAccessibilityId.findElementByAccessibilityId(FindsByAccessibilityId.java:37)
at com.qa.test.ProductTest.test1(ProductTest.java:168)
at java.base/jdk.internal.reflect.NativeMethodAccessorImpl.invoke0(Native Method)
at java.base/jdk.internal.reflect.NativeMethodAccessorImpl.invoke(NativeMethodAccessorImpl.java:62)
at java.base/jdk.internal.reflect.DelegatingMethodAccessorImpl.invoke(DelegatingMethodAccessorImpl.java:43)
at java.base/java.lang.reflect.Method.invoke(Method.java:564)
at org.testng.internal.MethodInvocationHelper.invokeMethod(MethodInvocationHelper.java:133)
at org.testng.internal.TestInvoker.invokeMethod(TestInvoker.java:598)
at org.testng.internal.TestInvoker.invokeTestMethod(TestInvoker.java:173)
at org.testng.internal.MethodRunner.runInSequence(MethodRunner.java:46)
at org.testng.internal.TestInvoker$MethodInvocationAgent.invoke(TestInvoker.java:824)
at org.testng.internal.TestInvoker.invokeTestMethods(TestInvoker.java:146)
at org.testng.internal.TestMethodWorker.invokeTestMethods(TestMethodWorker.java:146)
at org.testng.internal.TestMethodWorker.run(TestMethodWorker.java:128)
at java.base/java.util.ArrayList.forEach(ArrayList.java:1378)
at org.testng.TestRunner.privateRun(TestRunner.java:794)
at org.testng.TestRunner.run(TestRunner.java:596)
at org.testng.SuiteRunner.runTest(SuiteRunner.java:377)
at org.testng.SuiteRunner.access$000(SuiteRunner.java:28)
at org.testng.SuiteRunner$SuiteWorker.run(SuiteRunner.java:418)
at org.testng.internal.thread.ThreadUtil.lambda$execute$0(ThreadUtil.java:64)
at java.base/java.util.concurrent.FutureTask.run(FutureTask.java:264)
at java.base/java.util.concurrent.ThreadPoolExecutor.runWorker(ThreadPoolExecutor.java:1135)
at java.base/java.util.concurrent.ThreadPoolExecutor$Worker.run(ThreadPoolExecutor.java:635)
at java.base/java.lang.Thread.run(Thread.java:844)
]]>
            </full-stacktrace>
          </exception> <!-- org.openqa.selenium.NoSuchElementException -->
          <reporter-output>
            <line>
              <![CDATA[This is the sample screenshot]]>
            </line>
            <line>
              <![CDATA[<a href='C:\Users\Qadir\eclipse-workspace\Selenium Udemy\AppiumFramework\Screenshots\Android_10_Galaxy S9\2021.05.27.19.17.59\ProductTest\\test1.png'> <img src='C:\Users\Qadir\eclipse-workspace\Selenium Udemy\AppiumFramework\Screenshots\Android_10_Galaxy S9\2021.05.27.19.17.59\ProductTest\\test1.png' height='400' width='400'/> </a>]]>
            </line>
          </reporter-output>
        </test-method> <!-- test1 -->
        <test-method is-config="true" signature="afterMethod()[pri:0, instance:com.qa.test.ProductTest@15043a2f]" started-at="2021-05-27T19:18:47 EDT" name="afterMethod" finished-at="2021-05-27T19:18:50 EDT" duration-ms="2209" status="PASS">
          <reporter-output>
          </reporter-output>
        </test-method> <!-- afterMethod -->
        <test-method is-config="true" signature="afterMethod(org.testng.ITestResult)[pri:0, instance:com.qa.test.ProductTest@15043a2f]" started-at="2021-05-27T19:18:50 EDT" name="afterMethod" finished-at="2021-05-27T19:18:55 EDT" duration-ms="5099" status="PASS">
          <params>
            <param index="0">
              <value>
                <![CDATA[[TestResult name=test1 status=FAILURE method=ProductTest.test1()[pri:0, instance:com.qa.test.ProductTest@15043a2f] output=This is the sample screenshot]]]>
              </value>
            </param>
          </params>
          <reporter-output>
          </reporter-output>
        </test-method> <!-- afterMethod -->
        <test-method is-config="true" signature="afterTest()[pri:0, instance:com.qa.test.ProductTest@15043a2f]" started-at="2021-05-27T19:18:55 EDT" name="afterTest" finished-at="2021-05-27T19:18:56 EDT" duration-ms="1094" status="PASS">
          <reporter-output>
          </reporter-output>
        </test-method> <!-- afterTest -->
        <test-method is-config="true" signature="afterSuite()[pri:0, instance:com.qa.test.ProductTest@15043a2f]" started-at="2021-05-27T19:18:57 EDT" name="afterSuite" finished-at="2021-05-27T19:18:57 EDT" duration-ms="1" status="PASS">
          <reporter-output>
          </reporter-output>
        </test-method> <!-- afterSuite -->
      </class> <!-- com.qa.test.ProductTest -->
    </test> <!-- AndroidRealDevice -->
  </suite> <!-- Suite -->
</testng-results>
